604 : 2024-12-03 15:52:28,623 : INFO : telemetry.main : Attempt start. Configuration directory [/home/ki211_uiv/.azure]. Cache directory [/home/ki211_uiv/.azure/telemetry/20241203155228332].
604 : 2024-12-03 15:52:28,624 : INFO : telemetry.records : 1 cache files to upload.
604 : 2024-12-03 15:52:28,624 : INFO : telemetry.records : Processed file /home/ki211_uiv/.azure/telemetry/20241203155228332/cache into 1 records.
604 : 2024-12-03 15:52:28,625 : INFO : telemetry.records : Remove directory /home/ki211_uiv/.azure/telemetry/20241203155228332
604 : 2024-12-03 15:52:28,626 : INFO : telemetry.client : Accumulated 1 events. Flush the clients.
604 : 2024-12-03 15:52:28,626 : INFO : telemetry.client : Flush client c4395b75-49cc-422c-bc95-c7d51aef5d46.
635 : 2024-12-03 15:52:34,151 : INFO : telemetry.main : Attempt start. Configuration directory [/home/ki211_uiv/.azure]. Cache directory [/home/ki211_uiv/.azure/telemetry/20241203155233526].
635 : 2024-12-03 15:52:34,151 : INFO : telemetry.records : 1 cache files to upload.
635 : 2024-12-03 15:52:34,152 : INFO : telemetry.records : Processed file /home/ki211_uiv/.azure/telemetry/20241203155233526/cache into 1 records.
635 : 2024-12-03 15:52:34,152 : INFO : telemetry.records : Remove directory /home/ki211_uiv/.azure/telemetry/20241203155233526
635 : 2024-12-03 15:52:34,152 : INFO : telemetry.client : Accumulated 1 events. Flush the clients.
635 : 2024-12-03 15:52:34,153 : INFO : telemetry.client : Flush client c4395b75-49cc-422c-bc95-c7d51aef5d46.
635 : 2024-12-03 15:52:34,400 : INFO : telemetry.sender : Sending 4224 bytes
635 : 2024-12-03 15:52:34,400 : INFO : telemetry.sender : Finish uploading in 0.246620 seconds.
644 : 2024-12-03 15:52:34,959 : INFO : telemetry.main : Attempt start. Configuration directory [/home/ki211_uiv/.azure]. Cache directory [/home/ki211_uiv/.azure/telemetry/20241203155234542].
644 : 2024-12-03 15:52:34,966 : INFO : telemetry.records : 1 cache files to upload.
644 : 2024-12-03 15:52:34,968 : INFO : telemetry.records : Processed file /home/ki211_uiv/.azure/telemetry/20241203155234542/cache into 1 records.
644 : 2024-12-03 15:52:34,968 : INFO : telemetry.records : Remove directory /home/ki211_uiv/.azure/telemetry/20241203155234542
644 : 2024-12-03 15:52:34,974 : INFO : telemetry.client : Accumulated 1 events. Flush the clients.
644 : 2024-12-03 15:52:34,979 : INFO : telemetry.client : Flush client c4395b75-49cc-422c-bc95-c7d51aef5d46.
644 : 2024-12-03 15:52:35,269 : INFO : telemetry.sender : Sending 4307 bytes
644 : 2024-12-03 15:52:35,270 : INFO : telemetry.sender : Finish uploading in 0.290976 seconds.
604 : 2024-12-03 15:52:38,716 : ERROR : telemetry.sender : Upload failed. OSError: <urlopen error _ssl.c:1130: The handshake operation timed out>
604 : 2024-12-03 15:52:38,732 : INFO : telemetry.sender : Finish uploading in 10.104826 seconds.
659 : 2024-12-03 15:52:39,118 : INFO : telemetry.main : Attempt start. Configuration directory [/home/ki211_uiv/.azure]. Cache directory [/home/ki211_uiv/.azure/telemetry/20241203155238679].
659 : 2024-12-03 15:52:39,119 : INFO : telemetry.records : 1 cache files to upload.
659 : 2024-12-03 15:52:39,119 : INFO : telemetry.records : Processed file /home/ki211_uiv/.azure/telemetry/20241203155238679/cache into 1 records.
659 : 2024-12-03 15:52:39,119 : INFO : telemetry.records : Remove directory /home/ki211_uiv/.azure/telemetry/20241203155238679
659 : 2024-12-03 15:52:39,120 : INFO : telemetry.client : Accumulated 1 events. Flush the clients.
659 : 2024-12-03 15:52:39,120 : INFO : telemetry.client : Flush client c4395b75-49cc-422c-bc95-c7d51aef5d46.
659 : 2024-12-03 15:52:39,444 : INFO : telemetry.sender : Sending 4339 bytes
659 : 2024-12-03 15:52:39,447 : INFO : telemetry.sender : Finish uploading in 0.325906 seconds.
